<?xml version="1.0" encoding="UTF-8"?>
<testng-results ignored="0" total="1" passed="1" failed="0" skipped="0">
  <reporter-output>
  </reporter-output>
  <suite started-at="2021-04-23T19:02:16 IST" name="Default suite" finished-at="2021-04-23T19:04:19 IST" duration-ms="123249">
    <groups>
    </groups>
    <test started-at="2021-04-23T19:02:16 IST" name="Default test" finished-at="2021-04-23T19:04:19 IST" duration-ms="123249">
      <class name="com.symbion.shop.testcases.orderStatusTest">
        <test-method is-config="true" signature="setUp()[pri:0, instance:com.symbion.shop.testcases.orderStatusTest@333291e3]" started-at="2021-04-23T19:02:16 IST" name="setUp" finished-at="2021-04-23T19:02:42 IST" duration-ms="26031" status="PASS">
          <reporter-output>
          </reporter-output>
        </test-method> <!-- setUp -->
        <test-method signature="orderStatusConfirmation()[pri:0, instance:com.symbion.shop.testcases.orderStatusTest@333291e3]" started-at="2021-04-23T19:02:42 IST" name="orderStatusConfirmation" finished-at="2021-04-23T19:04:19 IST" duration-ms="96980" status="PASS">
          <reporter-output>
          </reporter-output>
        </test-method> <!-- orderStatusConfirmation -->
        <test-method is-config="true" signature="teardown()[pri:0, instance:com.symbion.shop.testcases.orderStatusTest@333291e3]" started-at="2021-04-23T19:04:19 IST" name="teardown" finished-at="2021-04-23T19:04:19 IST" duration-ms="194" status="PASS">
          <reporter-output>
          </reporter-output>
        </test-method> <!-- teardown -->
      </class> <!-- com.symbion.shop.testcases.orderStatusTest -->
    </test> <!-- Default test -->
  </suite> <!-- Default suite -->
</testng-results>
